已經開始建置於 2016/9/2 下午 04:53:20。
     1>節點 2 (Build 目標) 上的專案 "C:\Users\user\Desktop\Program\C++\MajorRegions\MajorRegions\MajorRegions.vcxproj"。
     1>ClCompile:
         C:\Program Files (x86)\Microsoft Visual Studio 12.0\VC\bin\CL.exe /c /ZI /nologo /W3 /WX- /sdl /Od /Oy- /D _MBCS /Gm /EHsc /RTC1 /MDd /GS /fp:precise /Zc:wchar_t /Zc:forScope /Fo"Debug\\" /Fd"Debug\vc120.pdb" /Gd /TP /analyze- /errorReport:prompt Feature.cpp main.cpp RegionGrowing.cpp
         Feature.cpp
     1>c:\opencv\build\include\opencv2\flann\dist.h : warning C4819: 檔案含有無法在目前字碼頁 (950) 中表示的字元。請以 Unicode 格式儲存檔案以防止資料遺失
     1>c:\opencv\build\include\opencv2\flann\logger.h(66): error C4996: 'fopen': This function or variable may be unsafe. Consider using fopen_s instead. To disable deprecation, use _CRT_SECURE_NO_WARNINGS. See online help for details.
                 c:\program files (x86)\microsoft visual studio 12.0\vc\include\stdio.h(211) : 請參閱 'fopen' 的宣告
     1>c:\opencv\build\include\opencv2\legacy\compat.hpp : warning C4819: 檔案含有無法在目前字碼頁 (950) 中表示的字元。請以 Unicode 格式儲存檔案以防止資料遺失
     1>c:\users\user\desktop\program\c++\majorregions\majorregions\feature.cpp(19): error C3867: 'std::basic_ifstream<char,std::char_traits<char>>::close': 函式呼叫遺漏引數清單，請用 '&std::basic_ifstream<char,std::char_traits<char>>::close' 建立成員的指標
     1>c:\users\user\desktop\program\c++\majorregions\majorregions\feature.cpp(28): error C2065: 'i' : 未宣告的識別項
     1>c:\users\user\desktop\program\c++\majorregions\majorregions\feature.cpp(28): error C2976: 'std::map' : 樣板 引數太少
                 c:\program files (x86)\microsoft visual studio 12.0\vc\include\map(69) : 請參閱 'std::map' 的宣告
     1>c:\users\user\desktop\program\c++\majorregions\majorregions\feature.cpp(28): error C2511: 'void feature::localized_feature(std::map)' : 在 'feature' 找不到多載成員函式
                 c:\users\user\desktop\program\c++\majorregions\majorregions\feature.h(19) : 請參閱 'feature' 的宣告
         正在產生程式碼...
         正在編譯...
         main.cpp
     1>c:\opencv\build\include\opencv2\flann\dist.h : warning C4819: 檔案含有無法在目前字碼頁 (950) 中表示的字元。請以 Unicode 格式儲存檔案以防止資料遺失
     1>c:\opencv\build\include\opencv2\legacy\compat.hpp : warning C4819: 檔案含有無法在目前字碼頁 (950) 中表示的字元。請以 Unicode 格式儲存檔案以防止資料遺失
         正在產生程式碼...
         正在編譯...
         RegionGrowing.cpp
     1>c:\opencv\build\include\opencv2\flann\dist.h : warning C4819: 檔案含有無法在目前字碼頁 (950) 中表示的字元。請以 Unicode 格式儲存檔案以防止資料遺失
     1>c:\opencv\build\include\opencv2\flann\logger.h(66): error C4996: 'fopen': This function or variable may be unsafe. Consider using fopen_s instead. To disable deprecation, use _CRT_SECURE_NO_WARNINGS. See online help for details.
                 c:\program files (x86)\microsoft visual studio 12.0\vc\include\stdio.h(211) : 請參閱 'fopen' 的宣告
     1>c:\opencv\build\include\opencv2\legacy\compat.hpp : warning C4819: 檔案含有無法在目前字碼頁 (950) 中表示的字元。請以 Unicode 格式儲存檔案以防止資料遺失
     1>c:\users\user\desktop\program\c++\majorregions\majorregions\regiongrowing.cpp(30): warning C4244: '=' : 將 'double' 轉換為 'int'，由於類型不同，可能導致資料遺失
     1>c:\users\user\desktop\program\c++\majorregions\majorregions\regiongrowing.cpp(53): warning C4244: '=' : 將 'double' 轉換為 'int'，由於類型不同，可能導致資料遺失
     1>c:\users\user\desktop\program\c++\majorregions\majorregions\regiongrowing.cpp(83): warning C4244: '=' : 將 'double' 轉換為 'int'，由於類型不同，可能導致資料遺失
     1>c:\users\user\desktop\program\c++\majorregions\majorregions\regiongrowing.cpp(105): warning C4244: '=' : 將 'double' 轉換為 'int'，由於類型不同，可能導致資料遺失
     1>c:\users\user\desktop\program\c++\majorregions\majorregions\regiongrowing.cpp(113): warning C4018: '<=' : signed/unsigned 不相符
     1>c:\users\user\desktop\program\c++\majorregions\majorregions\regiongrowing.cpp(130): warning C4018: '<=' : signed/unsigned 不相符
         正在產生程式碼...
     1>專案 "C:\Users\user\Desktop\Program\C++\MajorRegions\MajorRegions\MajorRegions.vcxproj" (Build 目標) 建置完成 -- 失敗。

建置失敗。

經過時間 00:00:04.19
